[2023-01-01 10:05:51] local.ERROR: call_user_func(): Argument #1 ($callback) must be a valid callback, no array or string given {"exception":"[object] (TypeError(code: 0): call_user_func(): Argument #1 ($callback) must be a valid callback, no array or string given at /home/roshan/Projects/authentication/app/Services/UrlGenerator.php:48)
[stacktrace]
#0 /home/roshan/Projects/authentication/app/Services/UrlGenerator.php(48): call_user_func()
#1 /home/roshan/Projects/authentication/app/Services/UrlGenerator.php(66): App\\Services\\UrlGenerator->signedRoute()
#2 /home/roshan/Projects/authentication/app/Notifications/VerifyEmail.php(94): App\\Services\\UrlGenerator->temporarySignedRoute()
#3 /home/roshan/Projects/authentication/app/Notifications/VerifyEmail.php(48): App\\Notifications\\VerifyEmail->verificationUrl()
#4 /home/roshan/Projects/authentication/vendor/illuminate/notifications/Channels/MailChannel.php(53): App\\Notifications\\VerifyEmail->toMail()
#5 /home/roshan/Projects/authentication/vendor/illuminate/notifications/NotificationSender.php(148): Illuminate\\Notifications\\Channels\\MailChannel->send()
#6 /home/roshan/Projects/authentication/vendor/illuminate/notifications/NotificationSender.php(106): Illuminate\\Notifications\\NotificationSender->sendToNotifiable()
#7 /home/roshan/Projects/authentication/vendor/illuminate/support/Traits/Localizable.php(19): Illuminate\\Notifications\\NotificationSender->Illuminate\\Notifications\\{closure}()
#8 /home/roshan/Projects/authentication/vendor/illuminate/notifications/NotificationSender.php(109): Illuminate\\Notifications\\NotificationSender->withLocale()
#9 /home/roshan/Projects/authentication/vendor/illuminate/notifications/NotificationSender.php(79): Illuminate\\Notifications\\NotificationSender->sendNow()
#10 /home/roshan/Projects/authentication/vendor/illuminate/notifications/ChannelManager.php(39): Illuminate\\Notifications\\NotificationSender->send()
#11 /home/roshan/Projects/authentication/vendor/illuminate/notifications/RoutesNotifications.php(18): Illuminate\\Notifications\\ChannelManager->send()
#12 /home/roshan/Projects/authentication/app/Models/User.php(51): App\\Models\\User->notify()
#13 /home/roshan/Projects/authentication/vendor/illuminate/auth/Listeners/SendEmailVerificationNotification.php(19): App\\Models\\User->sendEmailVerificationNotification()
#14 /home/roshan/Projects/authentication/vendor/illuminate/events/Dispatcher.php(441): Illuminate\\Auth\\Listeners\\SendEmailVerificationNotification->handle()
#15 /home/roshan/Projects/authentication/vendor/illuminate/events/Dispatcher.php(249): Illuminate\\Events\\Dispatcher->Illuminate\\Events\\{closure}()
#16 /home/roshan/Projects/authentication/vendor/laravel/lumen-framework/src/helpers.php(190): Illuminate\\Events\\Dispatcher->dispatch()
#17 /home/roshan/Projects/authentication/app/Http/Controllers/AuthController.php(29): event()
#18 /home/roshan/Projects/authentication/vendor/illuminate/container/BoundMethod.php(36): App\\Http\\Controllers\\AuthController->register()
#19 /home/roshan/Projects/authentication/vendor/illuminate/container/Util.php(41): Illuminate\\Container\\BoundMethod::Illuminate\\Container\\{closure}()
#20 /home/roshan/Projects/authentication/vendor/illuminate/container/BoundMethod.php(93): Illuminate\\Container\\Util::unwrapIfClosure()
#21 /home/roshan/Projects/authentication/vendor/illuminate/container/BoundMethod.php(37): Illuminate\\Container\\BoundMethod::callBoundMethod()
#22 /home/roshan/Projects/authentication/vendor/illuminate/container/Container.php(651): Illuminate\\Container\\BoundMethod::call()
#23 /home/roshan/Projects/authentication/vendor/laravel/lumen-framework/src/Concerns/RoutesRequests.php(391): Illuminate\\Container\\Container->call()
#24 /home/roshan/Projects/authentication/vendor/laravel/lumen-framework/src/Concerns/RoutesRequests.php(357): Laravel\\Lumen\\Application->callControllerCallable()
#25 /home/roshan/Projects/authentication/vendor/laravel/lumen-framework/src/Concerns/RoutesRequests.php(331): Laravel\\Lumen\\Application->callLumenController()
#26 /home/roshan/Projects/authentication/vendor/laravel/lumen-framework/src/Concerns/RoutesRequests.php(284): Laravel\\Lumen\\Application->callControllerAction()
#27 /home/roshan/Projects/authentication/vendor/laravel/lumen-framework/src/Concerns/RoutesRequests.php(269): Laravel\\Lumen\\Application->callActionOnArrayBasedRoute()
#28 /home/roshan/Projects/authentication/vendor/laravel/lumen-framework/src/Concerns/RoutesRequests.php(171): Laravel\\Lumen\\Application->handleFoundRoute()
#29 /home/roshan/Projects/authentication/vendor/laravel/lumen-framework/src/Concerns/RoutesRequests.php(431): Laravel\\Lumen\\Application->Laravel\\Lumen\\Concerns\\{closure}()
#30 /home/roshan/Projects/authentication/vendor/laravel/lumen-framework/src/Concerns/RoutesRequests.php(177): Laravel\\Lumen\\Application->sendThroughPipeline()
#31 /home/roshan/Projects/authentication/vendor/laravel/lumen-framework/src/Concerns/RoutesRequests.php(112): Laravel\\Lumen\\Application->dispatch()
#32 /home/roshan/Projects/authentication/public/index.php(28): Laravel\\Lumen\\Application->run()
#33 {main}
"} 
